<?xml version="1.0" encoding="UTF-8"?>
<testng-results skipped="3" failed="1" total="5" passed="1">
  <reporter-output>
  </reporter-output>
  <suite name="Suite" duration-ms="304355" started-at="2019-05-10T06:59:14Z" finished-at="2019-05-10T07:04:18Z">
    <groups>
    </groups>
    <test name="TestItem" duration-ms="196287" started-at="2019-05-10T06:59:14Z" finished-at="2019-05-10T07:02:30Z">
      <class name="com.winnie.cbx.page.StartLogin">
        <test-method status="PASS" signature="beforeTest()[pri:0, instance:com.winnie.cbx.page.StartLogin@27c20538]" name="beforeTest" is-config="true" duration-ms="76244" started-at="2019-05-10T14:59:14Z" finished-at="2019-05-10T15:00:30Z">
          <reporter-output>
          </reporter-output>
        </test-method> <!-- beforeTest -->
        <test-method status="PASS" signature="afterTest()[pri:0, instance:com.winnie.cbx.page.StartLogin@27c20538]" name="afterTest" is-config="true" duration-ms="33359" started-at="2019-05-10T15:01:57Z" finished-at="2019-05-10T15:02:30Z">
          <reporter-output>
          </reporter-output>
        </test-method> <!-- afterTest -->
      </class> <!-- com.winnie.cbx.page.StartLogin -->
      <class name="com.winnie.cbx.page.ItemPageTest">
        <test-method status="SKIP" signature="itemTypeCreateDoc()[pri:0, instance:com.winnie.cbx.page.ItemPageTest@72d818d1]" name="itemTypeCreateDoc" duration-ms="28857" started-at="2019-05-10T15:00:30Z" finished-at="2019-05-10T15:00:59Z">
          <exception class="java.lang.Exception">
            <message>
              <![CDATA[find no element for xpath=>//*[text()= 'Items']/img]]>
            </message>
            <full-stacktrace>
              <![CDATA[java.lang.Exception: find no element for xpath=>//*[text()= 'Items']/img
	at com.winnie.action.BaseAction.findElement(BaseAction.java:135)
	at com.winnie.cbx.common.CommonFunction.switchNavi(CommonFunction.java:43)
	at com.winnie.cbx.page.ItemPage.listingCreateItemTypeDoc(ItemPage.java:39)
	at com.winnie.cbx.page.ItemPageTest.itemTypeCreateDoc(ItemPageTest.java:45)
	at sun.reflect.NativeMethodAccessorImpl.invoke0(Native Method)
	at sun.reflect.NativeMethodAccessorImpl.invoke(Unknown Source)
	at sun.reflect.DelegatingMethodAccessorImpl.invoke(Unknown Source)
	at java.lang.reflect.Method.invoke(Unknown Source)
	at org.testng.internal.MethodInvocationHelper.invokeMethod(MethodInvocationHelper.java:86)
	at org.testng.internal.Invoker.invokeMethod(Invoker.java:646)
	at org.testng.internal.Invoker.invokeTestMethod(Invoker.java:823)
	at org.testng.internal.Invoker.invokeTestMethods(Invoker.java:1131)
	at org.testng.internal.TestMethodWorker.invokeTestMethods(TestMethodWorker.java:129)
	at org.testng.internal.TestMethodWorker.run(TestMethodWorker.java:112)
	at org.testng.TestRunner.privateRun(TestRunner.java:778)
	at org.testng.TestRunner.run(TestRunner.java:632)
	at org.testng.SuiteRunner.runTest(SuiteRunner.java:366)
	at org.testng.SuiteRunner.runSequentially(SuiteRunner.java:361)
	at org.testng.SuiteRunner.privateRun(SuiteRunner.java:319)
	at org.testng.SuiteRunner.run(SuiteRunner.java:268)
	at org.testng.SuiteRunnerWorker.runSuite(SuiteRunnerWorker.java:52)
	at org.testng.SuiteRunnerWorker.run(SuiteRunnerWorker.java:86)
	at org.testng.TestNG.runSuitesSequentially(TestNG.java:1225)
	at org.testng.TestNG.runSuitesLocally(TestNG.java:1150)
	at org.testng.TestNG.runSuites(TestNG.java:1075)
	at org.testng.TestNG.run(TestNG.java:1047)
	at org.testng.remote.AbstractRemoteTestNG.run(AbstractRemoteTestNG.java:114)
	at org.testng.remote.RemoteTestNG.initAndRun(RemoteTestNG.java:251)
	at org.testng.remote.RemoteTestNG.main(RemoteTestNG.java:77)
]]>
            </full-stacktrace>
          </exception> <!-- java.lang.Exception -->
          <reporter-output>
          </reporter-output>
        </test-method> <!-- itemTypeCreateDoc -->
        <test-method status="SKIP" signature="itemTypeCreateDoc()[pri:0, instance:com.winnie.cbx.page.ItemPageTest@72d818d1]" name="itemTypeCreateDoc" duration-ms="28442" started-at="2019-05-10T15:00:59Z" finished-at="2019-05-10T15:01:27Z">
          <exception class="java.lang.Exception">
            <message>
              <![CDATA[find no element for xpath=>//*[text()= 'Items']/img]]>
            </message>
            <full-stacktrace>
              <![CDATA[java.lang.Exception: find no element for xpath=>//*[text()= 'Items']/img
	at com.winnie.action.BaseAction.findElement(BaseAction.java:135)
	at com.winnie.cbx.common.CommonFunction.switchNavi(CommonFunction.java:43)
	at com.winnie.cbx.page.ItemPage.listingCreateItemTypeDoc(ItemPage.java:39)
	at com.winnie.cbx.page.ItemPageTest.itemTypeCreateDoc(ItemPageTest.java:45)
	at sun.reflect.NativeMethodAccessorImpl.invoke0(Native Method)
	at sun.reflect.NativeMethodAccessorImpl.invoke(Unknown Source)
	at sun.reflect.DelegatingMethodAccessorImpl.invoke(Unknown Source)
	at java.lang.reflect.Method.invoke(Unknown Source)
	at org.testng.internal.MethodInvocationHelper.invokeMethod(MethodInvocationHelper.java:86)
	at org.testng.internal.Invoker.invokeMethod(Invoker.java:646)
	at org.testng.internal.Invoker.retryFailed(Invoker.java:970)
	at org.testng.internal.Invoker.invokeTestMethods(Invoker.java:1149)
	at org.testng.internal.TestMethodWorker.invokeTestMethods(TestMethodWorker.java:129)
	at org.testng.internal.TestMethodWorker.run(TestMethodWorker.java:112)
	at org.testng.TestRunner.privateRun(TestRunner.java:778)
	at org.testng.TestRunner.run(TestRunner.java:632)
	at org.testng.SuiteRunner.runTest(SuiteRunner.java:366)
	at org.testng.SuiteRunner.runSequentially(SuiteRunner.java:361)
	at org.testng.SuiteRunner.privateRun(SuiteRunner.java:319)
	at org.testng.SuiteRunner.run(SuiteRunner.java:268)
	at org.testng.SuiteRunnerWorker.runSuite(SuiteRunnerWorker.java:52)
	at org.testng.SuiteRunnerWorker.run(SuiteRunnerWorker.java:86)
	at org.testng.TestNG.runSuitesSequentially(TestNG.java:1225)
	at org.testng.TestNG.runSuitesLocally(TestNG.java:1150)
	at org.testng.TestNG.runSuites(TestNG.java:1075)
	at org.testng.TestNG.run(TestNG.java:1047)
	at org.testng.remote.AbstractRemoteTestNG.run(AbstractRemoteTestNG.java:114)
	at org.testng.remote.RemoteTestNG.initAndRun(RemoteTestNG.java:251)
	at org.testng.remote.RemoteTestNG.main(RemoteTestNG.java:77)
]]>
            </full-stacktrace>
          </exception> <!-- java.lang.Exception -->
          <reporter-output>
          </reporter-output>
        </test-method> <!-- itemTypeCreateDoc -->
        <test-method status="FAIL" signature="itemTypeCreateDoc()[pri:0, instance:com.winnie.cbx.page.ItemPageTest@72d818d1]" name="itemTypeCreateDoc" duration-ms="28398" started-at="2019-05-10T15:01:27Z" finished-at="2019-05-10T15:01:56Z">
          <exception class="java.lang.Exception">
            <message>
              <![CDATA[find no element for xpath=>//*[text()= 'Items']/img]]>
            </message>
            <full-stacktrace>
              <![CDATA[java.lang.Exception: find no element for xpath=>//*[text()= 'Items']/img
	at com.winnie.action.BaseAction.findElement(BaseAction.java:135)
	at com.winnie.cbx.common.CommonFunction.switchNavi(CommonFunction.java:43)
	at com.winnie.cbx.page.ItemPage.listingCreateItemTypeDoc(ItemPage.java:39)
	at com.winnie.cbx.page.ItemPageTest.itemTypeCreateDoc(ItemPageTest.java:45)
	at sun.reflect.NativeMethodAccessorImpl.invoke0(Native Method)
	at sun.reflect.NativeMethodAccessorImpl.invoke(Unknown Source)
	at sun.reflect.DelegatingMethodAccessorImpl.invoke(Unknown Source)
	at java.lang.reflect.Method.invoke(Unknown Source)
	at org.testng.internal.MethodInvocationHelper.invokeMethod(MethodInvocationHelper.java:86)
	at org.testng.internal.Invoker.invokeMethod(Invoker.java:646)
	at org.testng.internal.Invoker.retryFailed(Invoker.java:970)
	at org.testng.internal.Invoker.invokeTestMethods(Invoker.java:1149)
	at org.testng.internal.TestMethodWorker.invokeTestMethods(TestMethodWorker.java:129)
	at org.testng.internal.TestMethodWorker.run(TestMethodWorker.java:112)
	at org.testng.TestRunner.privateRun(TestRunner.java:778)
	at org.testng.TestRunner.run(TestRunner.java:632)
	at org.testng.SuiteRunner.runTest(SuiteRunner.java:366)
	at org.testng.SuiteRunner.runSequentially(SuiteRunner.java:361)
	at org.testng.SuiteRunner.privateRun(SuiteRunner.java:319)
	at org.testng.SuiteRunner.run(SuiteRunner.java:268)
	at org.testng.SuiteRunnerWorker.runSuite(SuiteRunnerWorker.java:52)
	at org.testng.SuiteRunnerWorker.run(SuiteRunnerWorker.java:86)
	at org.testng.TestNG.runSuitesSequentially(TestNG.java:1225)
	at org.testng.TestNG.runSuitesLocally(TestNG.java:1150)
	at org.testng.TestNG.runSuites(TestNG.java:1075)
	at org.testng.TestNG.run(TestNG.java:1047)
	at org.testng.remote.AbstractRemoteTestNG.run(AbstractRemoteTestNG.java:114)
	at org.testng.remote.RemoteTestNG.initAndRun(RemoteTestNG.java:251)
	at org.testng.remote.RemoteTestNG.main(RemoteTestNG.java:77)
]]>
            </full-stacktrace>
          </exception> <!-- java.lang.Exception -->
          <reporter-output>
          </reporter-output>
        </test-method> <!-- itemTypeCreateDoc -->
      </class> <!-- com.winnie.cbx.page.ItemPageTest -->
    </test> <!-- TestItem -->
    <test name="TestColor" duration-ms="108023" started-at="2019-05-10T07:02:30Z" finished-at="2019-05-10T07:04:18Z">
      <class name="com.winnie.cbx.page.ColorPageTest">
        <test-method status="SKIP" signature="createColorDoc()[pri:0, instance:com.winnie.cbx.page.ColorPageTest@6e1ec318]" name="createColorDoc" duration-ms="28556" started-at="2019-05-10T15:02:55Z" finished-at="2019-05-10T15:03:23Z">
          <exception class="java.lang.Exception">
            <message>
              <![CDATA[find no element for xpath=>//*[text()= 'Colors']/img]]>
            </message>
            <full-stacktrace>
              <![CDATA[java.lang.Exception: find no element for xpath=>//*[text()= 'Colors']/img
	at com.winnie.action.BaseAction.findElement(BaseAction.java:135)
	at com.winnie.cbx.common.CommonFunction.switchNavi(CommonFunction.java:43)
	at com.winnie.cbx.page.ColorPage.listingCreateColorDoc(ColorPage.java:16)
	at com.winnie.cbx.page.ColorPageTest.createColorDoc(ColorPageTest.java:12)
	at sun.reflect.NativeMethodAccessorImpl.invoke0(Native Method)
	at sun.reflect.NativeMethodAccessorImpl.invoke(Unknown Source)
	at sun.reflect.DelegatingMethodAccessorImpl.invoke(Unknown Source)
	at java.lang.reflect.Method.invoke(Unknown Source)
	at org.testng.internal.MethodInvocationHelper.invokeMethod(MethodInvocationHelper.java:86)
	at org.testng.internal.Invoker.invokeMethod(Invoker.java:646)
	at org.testng.internal.Invoker.invokeTestMethod(Invoker.java:823)
	at org.testng.internal.Invoker.invokeTestMethods(Invoker.java:1131)
	at org.testng.internal.TestMethodWorker.invokeTestMethods(TestMethodWorker.java:129)
	at org.testng.internal.TestMethodWorker.run(TestMethodWorker.java:112)
	at org.testng.TestRunner.privateRun(TestRunner.java:778)
	at org.testng.TestRunner.run(TestRunner.java:632)
	at org.testng.SuiteRunner.runTest(SuiteRunner.java:366)
	at org.testng.SuiteRunner.runSequentially(SuiteRunner.java:361)
	at org.testng.SuiteRunner.privateRun(SuiteRunner.java:319)
	at org.testng.SuiteRunner.run(SuiteRunner.java:268)
	at org.testng.SuiteRunnerWorker.runSuite(SuiteRunnerWorker.java:52)
	at org.testng.SuiteRunnerWorker.run(SuiteRunnerWorker.java:86)
	at org.testng.TestNG.runSuitesSequentially(TestNG.java:1225)
	at org.testng.TestNG.runSuitesLocally(TestNG.java:1150)
	at org.testng.TestNG.runSuites(TestNG.java:1075)
	at org.testng.TestNG.run(TestNG.java:1047)
	at org.testng.remote.AbstractRemoteTestNG.run(AbstractRemoteTestNG.java:114)
	at org.testng.remote.RemoteTestNG.initAndRun(RemoteTestNG.java:251)
	at org.testng.remote.RemoteTestNG.main(RemoteTestNG.java:77)
]]>
            </full-stacktrace>
          </exception> <!-- java.lang.Exception -->
          <reporter-output>
          </reporter-output>
        </test-method> <!-- createColorDoc -->
        <test-method status="PASS" signature="createColorDoc()[pri:0, instance:com.winnie.cbx.page.ColorPageTest@6e1ec318]" name="createColorDoc" duration-ms="24263" started-at="2019-05-10T15:03:23Z" finished-at="2019-05-10T15:03:48Z">
          <reporter-output>
          </reporter-output>
        </test-method> <!-- createColorDoc -->
      </class> <!-- com.winnie.cbx.page.ColorPageTest -->
      <class name="com.winnie.cbx.page.StartLogin">
        <test-method status="PASS" signature="beforeTest()[pri:0, instance:com.winnie.cbx.page.StartLogin@10bdf5e5]" name="beforeTest" is-config="true" duration-ms="24711" started-at="2019-05-10T15:02:30Z" finished-at="2019-05-10T15:02:55Z">
          <reporter-output>
          </reporter-output>
        </test-method> <!-- beforeTest -->
        <test-method status="FAIL" signature="afterTest()[pri:0, instance:com.winnie.cbx.page.StartLogin@10bdf5e5]" name="afterTest" is-config="true" duration-ms="0" started-at="2019-05-10T15:03:48Z" finished-at="2019-05-10T15:03:48Z">
          <exception class="java.lang.Exception">
            <message>
              <![CDATA[find no element for id=>cbx__logoutTxtBtn]]>
            </message>
            <full-stacktrace>
              <![CDATA[java.lang.Exception: find no element for id=>cbx__logoutTxtBtn
	at com.winnie.action.BaseAction.findElement(BaseAction.java:135)
	at com.winnie.cbx.page.LoginPage.clickLogout(LoginPage.java:71)
	at com.winnie.cbx.page.LoginPage.cbxLogout(LoginPage.java:53)
	at com.winnie.cbx.page.StartLogin.afterTest(StartLogin.java:20)
	at sun.reflect.NativeMethodAccessorImpl.invoke0(Native Method)
	at sun.reflect.NativeMethodAccessorImpl.invoke(Unknown Source)
	at sun.reflect.DelegatingMethodAccessorImpl.invoke(Unknown Source)
	at java.lang.reflect.Method.invoke(Unknown Source)
	at org.testng.internal.MethodInvocationHelper.invokeMethod(MethodInvocationHelper.java:86)
	at org.testng.internal.Invoker.invokeConfigurationMethod(Invoker.java:515)
	at org.testng.internal.Invoker.invokeConfigurations(Invoker.java:216)
	at org.testng.internal.Invoker.invokeConfigurations(Invoker.java:143)
	at org.testng.TestRunner.afterRun(TestRunner.java:1005)
	at org.testng.TestRunner.run(TestRunner.java:636)
	at org.testng.SuiteRunner.runTest(SuiteRunner.java:366)
	at org.testng.SuiteRunner.runSequentially(SuiteRunner.java:361)
	at org.testng.SuiteRunner.privateRun(SuiteRunner.java:319)
	at org.testng.SuiteRunner.run(SuiteRunner.java:268)
	at org.testng.SuiteRunnerWorker.runSuite(SuiteRunnerWorker.java:52)
	at org.testng.SuiteRunnerWorker.run(SuiteRunnerWorker.java:86)
	at org.testng.TestNG.runSuitesSequentially(TestNG.java:1225)
	at org.testng.TestNG.runSuitesLocally(TestNG.java:1150)
	at org.testng.TestNG.runSuites(TestNG.java:1075)
	at org.testng.TestNG.run(TestNG.java:1047)
	at org.testng.remote.AbstractRemoteTestNG.run(AbstractRemoteTestNG.java:114)
	at org.testng.remote.RemoteTestNG.initAndRun(RemoteTestNG.java:251)
	at org.testng.remote.RemoteTestNG.main(RemoteTestNG.java:77)
]]>
            </full-stacktrace>
          </exception> <!-- java.lang.Exception -->
          <reporter-output>
          </reporter-output>
        </test-method> <!-- afterTest -->
      </class> <!-- com.winnie.cbx.page.StartLogin -->
    </test> <!-- TestColor -->
  </suite> <!-- Suite -->
</testng-results>
