<?xml version="1.0" encoding="UTF-8"?>
<!-- Generated by org.testng.reporters.JUnitXMLReporter -->
<testsuite hostname="CORE-PC073" name="TestItem" tests="3" failures="1" timestamp="10 May 2019 07:02:30 GMT" time="196.287" errors="0">
  <testcase name="itemTypeCreateDoc" time="28.857" classname="com.winnie.cbx.page.ItemPageTest">
    <skipped/>
  </testcase> <!-- itemTypeCreateDoc -->
  <testcase name="itemTypeCreateDoc" time="28.442" classname="com.winnie.cbx.page.ItemPageTest">
    <skipped/>
  </testcase> <!-- itemTypeCreateDoc -->
  <testcase name="itemTypeCreateDoc" time="28.398" classname="com.winnie.cbx.page.ItemPageTest">
    <failure type="java.lang.Exception" message="find no element for xpath=&amp;gt;//*[text()= &amp;apos;Items&amp;apos;]/img">
      <![CDATA[java.lang.Exception: find no element for xpath=>//*[text()= 'Items']/img
	at com.winnie.action.BaseAction.findElement(BaseAction.java:135)
	at com.winnie.cbx.common.CommonFunction.switchNavi(CommonFunction.java:43)
	at com.winnie.cbx.page.ItemPage.listingCreateItemTypeDoc(ItemPage.java:39)
	at com.winnie.cbx.page.ItemPageTest.itemTypeCreateDoc(ItemPageTest.java:45)
... Removed 25 stack frames]]>
    </failure>
  </testcase> <!-- itemTypeCreateDoc -->
</testsuite> <!-- TestItem -->
